[debug] [2022-07-09T02:50:20.969Z] ----------------------------------------------------------------------
[debug] [2022-07-09T02:50:20.975Z] Command:       C:\Program Files\nodejs\node.exe C:\Users\Norberto\AppData\Roaming\npm\node_modules\firebase-tools\lib\bin\firebase.js init
[debug] [2022-07-09T02:50:20.977Z] CLI Version:   11.2.1
[debug] [2022-07-09T02:50:20.977Z] Platform:      win32
[debug] [2022-07-09T02:50:20.977Z] Node Version:  v16.13.1
[debug] [2022-07-09T02:50:20.988Z] Time:          Fri Jul 08 2022 23:50:20 GMT-0300 (hora estándar de Argentina)
[debug] [2022-07-09T02:50:20.988Z] ----------------------------------------------------------------------
[debug] 
[debug] [2022-07-09T02:50:21.009Z] > command requires scopes: ["email","openid","https://www.googleapis.com/auth/cloudplatformprojects.readonly","https://www.googleapis.com/auth/firebase","https://www.googleapis.com/auth/cloud-platform"]
[debug] [2022-07-09T02:50:21.010Z] > authorizing via signed-in user (nllopiz@gmail.com)
[info] 
     ######## #### ########  ######## ########     ###     ######  ########
     ##        ##  ##     ## ##       ##     ##  ##   ##  ##       ##
     ######    ##  ########  ######   ########  #########  ######  ######
     ##        ##  ##    ##  ##       ##     ## ##     ##       ## ##
     ##       #### ##     ## ######## ########  ##     ##  ######  ########

You're about to initialize a Firebase project in this directory:

  C:\Users\Norberto\Downloads\ArgentinaPrograma\YoProgramo\firebase

[debug] [2022-07-09T02:51:49.265Z] Error: kill ENOSYS
    at process.kill (node:internal/process/per_thread:215:13)
    at process.listener (C:\Users\Norberto\AppData\Roaming\npm\node_modules\firebase-tools\node_modules\signal-exit\index.js:95:15)
    at process.emit (node:events:390:28)
[error] 
[error] Error: An unexpected error has occurred.
